#
# There is insufficient memory for the Java Runtime Environment to continue.
# Native memory allocation (malloc) failed to allocate 1612816 bytes for Chunk::new
# Possible reasons:
#   The system is out of physical RAM or swap space
#   The process is running with CompressedOops enabled, and the Java Heap may be blocking the growth of the native heap
# Possible solutions:
#   Reduce memory load on the system
#   Increase physical memory or swap space
#   Check if swap backing store is full
#   Decrease Java heap size (-Xmx/-Xms)
#   Decrease number of Java threads
#   Decrease Java thread stack sizes (-Xss)
#   Set larger code cache with -XX:ReservedCodeCacheSize=
#   JVM is running with Unscaled Compressed Oops mode in which the Java heap is
#     placed in the first 4GB address space. The Java Heap base address is the
#     maximum limit for the native heap growth. Please use -XX:HeapBaseMinAddress
#     to set the Java Heap base and to place the Java Heap above 4GB virtual address.
# This output file may be truncated or incomplete.
#
#  Out of Memory Error (arena.cpp:189), pid=8680, tid=11456
#
# JRE version: OpenJDK Runtime Environment Temurin-17.0.4+8 (17.0.4+8) (build 17.0.4+8)
# Java VM: OpenJDK 64-Bit Server VM Temurin-17.0.4+8 (17.0.4+8, mixed mode, tiered, compressed oops, compressed class ptrs, parallel gc, windows-amd64)
# No core dump will be written. Minidumps are not enabled by default on client versions of Windows
#

---------------  S U M M A R Y ------------

Command Line: --add-modules=ALL-SYSTEM --add-opens=java.base/java.util=ALL-UNNAMED --add-opens=java.base/java.lang=ALL-UNNAMED --add-opens=java.base/sun.nio.fs=ALL-UNNAMED -Declipse.application=org.eclipse.jdt.ls.core.id1 -Dosgi.bundles.defaultStartLevel=4 -Declipse.product=org.eclipse.jdt.ls.core.product -Djava.import.generatesMetadataFilesAtProjectRoot=false -Dfile.encoding=utf8 -DwatchParentProcess=false -XX:+UseParallelGC -XX:GCTimeRatio=4 -XX:AdaptiveSizePolicyWeight=90 -Dsun.zip.disableMemoryMapping=true -Xmx1G -Xms100m -Xlog:jni+resolve=off -javaagent:c:\Users\shant\.vscode\extensions\redhat.java-1.10.0-win32-x64\lombok\lombok-1.18.24.jar c:\Users\shant\.vscode\extensions\redhat.java-1.10.0-win32-x64\server\plugins\org.eclipse.equinox.launcher_1.6.400.v20210924-0641.jar -configuration c:\Users\shant\AppData\Roaming\Code\User\globalStorage\redhat.java\1.10.0\config_ss_win -data c:\Users\shant\AppData\Roaming\Code\User\workspaceStorage\346c12fdee40bc592ff8cebb9898d7a6\redhat.java\ss_ws

Host: Intel(R) Core(TM) i3-4010U CPU @ 1.70GHz, 4 cores, 3G,  Windows 10 , 64 bit Build 19041 (10.0.19041.1889)
Time: Sat Sep 24 18:48:00 2022 India Standard Time elapsed time: 27.071257 seconds (0d 0h 0m 27s)

---------------  T H R E A D  ---------------

Current thread (0x00000272ddef4570):  JavaThread "C2 CompilerThread0" daemon [_thread_in_native, id=11456, stack(0x000000820a500000,0x000000820a600000)]


Current CompileTask:
C2:  27071 3502       4       org.objectweb.asm.ClassReader::readMethod (1066 bytes)

Stack: [0x000000820a500000,0x000000820a600000]
Native frames: (J=compiled Java code, j=interpreted, Vv=VM code, C=native code)
V  [jvm.dll+0x67733a]
V  [jvm.dll+0x8323c4]
V  [jvm.dll+0x833b6e]
V  [jvm.dll+0x8341d3]
V  [jvm.dll+0x2455e5]
V  [jvm.dll+0xabd7b]
V  [jvm.dll+0xac30c]
V  [jvm.dll+0x363a22]
V  [jvm.dll+0x32de81]
V  [jvm.dll+0x32d32a]
V  [jvm.dll+0x2184d1]
V  [jvm.dll+0x2178f1]
V  [jvm.dll+0x1a3f8d]
V  [jvm.dll+0x227308]
V  [jvm.dll+0x225455]
V  [jvm.dll+0x7e7eeb]
V  [jvm.dll+0x7e245a]
V  [jvm.dll+0x6761c5]
C  [ucrtbase.dll+0x21bb2]
C  [KERNEL32.DLL+0x17034]
C  [ntdll.dll+0x52651]


---------------  P R O C E S S  ---------------

Threads class SMR info:
_java_thread_list=0x00000272e3043130, length=20, elements={
0x00000272ca09e610, 0x00000272ddec5760, 0x00000272ddec64e0, 0x00000272ddeec280,
0x00000272ddeecf00, 0x00000272ddeefa90, 0x00000272ddef38d0, 0x00000272ddef4570,
0x00000272ddef6e70, 0x00000272ddf04b20, 0x00000272df9d7b70, 0x00000272dfc5c3f0,
0x00000272dfcee3c0, 0x00000272e04da800, 0x00000272e02b9070, 0x00000272e01559c0,
0x00000272dffbd310, 0x00000272dfb9c040, 0x00000272e112b3c0, 0x00000272e112b890
}

Java Threads: ( => current thread )
  0x00000272ca09e610 JavaThread "main" [_thread_blocked, id=11624, stack(0x0000008209c00000,0x0000008209d00000)]
  0x00000272ddec5760 JavaThread "Reference Handler" daemon [_thread_blocked, id=7828, stack(0x0000008209f00000,0x000000820a000000)]
  0x00000272ddec64e0 JavaThread "Finalizer" daemon [_thread_blocked, id=9028, stack(0x000000820a000000,0x000000820a100000)]
  0x00000272ddeec280 JavaThread "Signal Dispatcher" daemon [_thread_blocked, id=8984, stack(0x000000820a100000,0x000000820a200000)]
  0x00000272ddeecf00 JavaThread "Attach Listener" daemon [_thread_blocked, id=14024, stack(0x000000820a200000,0x000000820a300000)]
  0x00000272ddeefa90 JavaThread "Service Thread" daemon [_thread_blocked, id=5460, stack(0x000000820a300000,0x000000820a400000)]
  0x00000272ddef38d0 JavaThread "Monitor Deflation Thread" daemon [_thread_blocked, id=8136, stack(0x000000820a400000,0x000000820a500000)]
=>0x00000272ddef4570 JavaThread "C2 CompilerThread0" daemon [_thread_in_native, id=11456, stack(0x000000820a500000,0x000000820a600000)]
  0x00000272ddef6e70 JavaThread "C1 CompilerThread0" daemon [_thread_blocked, id=1352, stack(0x000000820a600000,0x000000820a700000)]
  0x00000272ddf04b20 JavaThread "Sweeper thread" daemon [_thread_blocked, id=10304, stack(0x000000820a700000,0x000000820a800000)]
  0x00000272df9d7b70 JavaThread "Common-Cleaner" daemon [_thread_blocked, id=15108, stack(0x000000820a800000,0x000000820a900000)]
  0x00000272dfc5c3f0 JavaThread "Notification Thread" daemon [_thread_blocked, id=10428, stack(0x000000820a900000,0x000000820aa00000)]
  0x00000272dfcee3c0 JavaThread "Active Thread: Equinox Container: 3d7ce012-966c-4070-bad6-93b079f38c7d" [_thread_blocked, id=2488, stack(0x000000820ae00000,0x000000820af00000)]
  0x00000272e04da800 JavaThread "Framework Event Dispatcher: Equinox Container: 3d7ce012-966c-4070-bad6-93b079f38c7d" daemon [_thread_blocked, id=348, stack(0x000000820af00000,0x000000820b000000)]
  0x00000272e02b9070 JavaThread "Start Level: Equinox Container: 3d7ce012-966c-4070-bad6-93b079f38c7d" daemon [_thread_blocked, id=1164, stack(0x000000820b000000,0x000000820b100000)]
  0x00000272e01559c0 JavaThread "SCR Component Actor" daemon [_thread_blocked, id=8788, stack(0x000000820b100000,0x000000820b200000)]
  0x00000272dffbd310 JavaThread "Worker-JM" [_thread_blocked, id=10072, stack(0x000000820b300000,0x000000820b400000)]
  0x00000272dfb9c040 JavaThread "Worker-0: Refreshing workspace" [_thread_blocked, id=12972, stack(0x000000820b400000,0x000000820b500000)]
  0x00000272e112b3c0 JavaThread "Worker-1" [_thread_blocked, id=10520, stack(0x000000820b500000,0x000000820b600000)]
  0x00000272e112b890 JavaThread "pool-1-thread-1" [_thread_in_vm, id=3424, stack(0x000000820b700000,0x000000820b800000)]

Other Threads:
  0x00000272ca17ea40 VMThread "VM Thread" [stack: 0x0000008209e00000,0x0000008209f00000] [id=9820]
  0x00000272dfc5c8c0 WatcherThread [stack: 0x000000820aa00000,0x000000820ab00000] [id=10108]
  0x00000272ca0b3fc0 GCTaskThread "GC Thread#0" [stack: 0x0000008209d00000,0x0000008209e00000] [id=3100]
  0x00000272e0065a20 GCTaskThread "GC Thread#1" [stack: 0x000000820ab00000,0x000000820ac00000] [id=12260]
  0x00000272e0065cd0 GCTaskThread "GC Thread#2" [stack: 0x000000820ac00000,0x000000820ad00000] [id=7816]
  0x00000272e0015bb0 GCTaskThread "GC Thread#3" [stack: 0x000000820ad00000,0x000000820ae00000] [id=9844]

Threads with active compile tasks:
C2 CompilerThread0    27175 3502       4       org.objectweb.asm.ClassReader::readMethod (1066 bytes)

VM state: not at safepoint (normal execution)

VM Mutex/Monitor currently owned by a thread: None

Heap address: 0x00000000c0000000, size: 1024 MB, Compressed Oops mode: 32-bit

CDS archive(s) not mapped
Compressed class space mapped at: 0x0000000100000000-0x0000000140000000, reserved size: 1073741824
Narrow klass base: 0x0000000000000000, Narrow klass shift: 3, Narrow klass range: 0x140000000

GC Precious Log:
 CPUs: 4 total, 4 available
 Memory: 4027M
 Large Page Support: Disabled
 NUMA Support: Disabled
 Compressed Oops: Enabled (32-bit)
 Alignments: Space 512K, Generation 512K, Heap 2M
 Heap Min Capacity: 100M
 Heap Initial Capacity: 100M
 Heap Max Capacity: 1G
 Pre-touch: Disabled
 Parallel Workers: 4

Heap:
 PSYoungGen      total 22528K, used 4307K [0x00000000eab00000, 0x00000000ec380000, 0x0000000100000000)
  eden space 20992K, 16% used [0x00000000eab00000,0x00000000eae4e600,0x00000000ebf80000)
  from space 1536K, 60% used [0x00000000ec100000,0x00000000ec1e6680,0x00000000ec280000)
  to   space 1024K, 0% used [0x00000000ec280000,0x00000000ec280000,0x00000000ec380000)
 ParOldGen       total 68608K, used 15474K [0x00000000c0000000, 0x00000000c4300000, 0x00000000eab00000)
  object space 68608K, 22% used [0x00000000c0000000,0x00000000c0f1c8d8,0x00000000c4300000)
 Metaspace       used 38680K, committed 39360K, reserved 1089536K
  class space    used 3909K, committed 4224K, reserved 1048576K

Card table byte_map: [0x00000272c9a90000,0x00000272c9ca0000] _byte_map_base: 0x00000272c9490000

Marking Bits: (ParMarkBitMap*) 0x00007ffb48fb2cd0
 Begin Bits: [0x00000272dbd40000, 0x00000272dcd40000)
 End Bits:   [0x00000272dcd40000, 0x00000272ddd40000)

Polling page: 0x00000272c9880000

Metaspace:

Usage:
  Non-class:     33.96 MB used.
      Class:      3.82 MB used.
       Both:     37.77 MB used.

Virtual space:
  Non-class space:       40.00 MB reserved,      34.31 MB ( 86%) committed,  5 nodes.
      Class space:        1.00 GB reserved,       4.12 MB ( <1%) committed,  1 nodes.
             Both:        1.04 GB reserved,      38.44 MB (  4%) committed. 

Chunk freelists:
   Non-Class:  1.72 MB
       Class:  3.92 MB
        Both:  5.64 MB

MaxMetaspaceSize: unlimited
CompressedClassSpaceSize: 1.00 GB
Initial GC threshold: 21.00 MB
Current GC threshold: 58.38 MB
CDS: off
MetaspaceReclaimPolicy: balanced
 - commit_granule_bytes: 65536.
 - commit_granule_words: 8192.
 - virtual_space_node_default_size: 1048576.
 - enlarge_chunks_in_place: 1.
 - new_chunks_are_fully_committed: 0.
 - uncommit_free_chunks: 1.
 - use_allocation_guard: 0.
 - handle_deallocations: 1.


Internal statistics:

num_allocs_failed_limit: 6.
num_arena_births: 270.
num_arena_deaths: 14.
num_vsnodes_births: 6.
num_vsnodes_deaths: 0.
num_space_committed: 615.
num_space_uncommitted: 0.
num_chunks_returned_to_freelist: 20.
num_chunks_taken_from_freelist: 1443.
num_chunk_merges: 10.
num_chunk_splits: 992.
num_chunks_enlarged: 720.
num_purges: 2.
num_inconsistent_stats: 0.

CodeHeap 'non-profiled nmethods': size=120000Kb used=1533Kb max_used=1533Kb free=118466Kb
 bounds [0x00000272d4810000, 0x00000272d4a80000, 0x00000272dbd40000]
CodeHeap 'profiled nmethods': size=120000Kb used=7891Kb max_used=7891Kb free=112108Kb
 bounds [0x00000272cd2e0000, 0x00000272cdaa0000, 0x00000272d4810000]
CodeHeap 'non-nmethods': size=5760Kb used=1271Kb max_used=1291Kb free=4489Kb
 bounds [0x00000272ccd40000, 0x00000272ccfb0000, 0x00000272cd2e0000]
 total_blobs=4081 nmethods=3489 adapters=506
 compilation: enabled
              stopped_count=0, restarted_count=0
 full_count=0

Compilation events (20 events):
Event: 26.858 Thread 0x00000272ddef6e70 3525       3       org.objectweb.asm.MethodWriter::visitMaxs (60 bytes)
Event: 26.859 Thread 0x00000272ddef6e70 nmethod 3525 0x00000272cda8e710 code [0x00000272cda8e8e0, 0x00000272cda8ebb8]
Event: 26.859 Thread 0x00000272ddef6e70 3526       3       org.objectweb.asm.MethodWriter::visitEnd (1 bytes)
Event: 26.859 Thread 0x00000272ddef6e70 nmethod 3526 0x00000272cda8ec90 code [0x00000272cda8ee20, 0x00000272cda8ef38]
Event: 26.862 Thread 0x00000272ddef6e70 3527       3       org.objectweb.asm.SymbolTable::addConstantLongOrDouble (20 bytes)
Event: 26.863 Thread 0x00000272ddef6e70 nmethod 3527 0x00000272cda8f010 code [0x00000272cda8f1c0, 0x00000272cda8f408]
Event: 26.874 Thread 0x00000272ddef6e70 3529       3       org.objectweb.asm.MethodWriter::visitIntInsn (113 bytes)
Event: 26.874 Thread 0x00000272ddef6e70 nmethod 3529 0x00000272cda8f510 code [0x00000272cda8f6e0, 0x00000272cda8fb48]
Event: 26.875 Thread 0x00000272ddef6e70 3530       3       org.objectweb.asm.MethodVisitor::visitIntInsn (17 bytes)
Event: 26.875 Thread 0x00000272ddef6e70 nmethod 3530 0x00000272cda8fc90 code [0x00000272cda8fe40, 0x00000272cda90048]
Event: 26.935 Thread 0x00000272ddef6e70 3531       3       lombok.patcher.MethodLogistics::loadOpcodeFor (145 bytes)
Event: 26.937 Thread 0x00000272ddef6e70 nmethod 3531 0x00000272cda90110 code [0x00000272cda903c0, 0x00000272cda910f8]
Event: 26.978 Thread 0x00000272ddef6e70 3532       3       org.objectweb.asm.SymbolTable::hash (19 bytes)
Event: 26.979 Thread 0x00000272ddef6e70 nmethod 3532 0x00000272cda91590 code [0x00000272cda91740, 0x00000272cda918d8]
Event: 26.980 Thread 0x00000272ddef6e70 3533       3       org.objectweb.asm.MethodWriter::visitLdcInsn (215 bytes)
Event: 26.983 Thread 0x00000272ddef6e70 nmethod 3533 0x00000272cda91a10 code [0x00000272cda91c80, 0x00000272cda92808]
Event: 26.987 Thread 0x00000272ddef6e70 3534       3       org.objectweb.asm.Handler::putExceptionTable (63 bytes)
Event: 26.989 Thread 0x00000272ddef6e70 nmethod 3534 0x00000272cda92c90 code [0x00000272cda92ea0, 0x00000272cda932c8]
Event: 26.996 Thread 0x00000272ddef6e70 3535       3       org.objectweb.asm.SymbolTable::hash (23 bytes)
Event: 26.997 Thread 0x00000272ddef6e70 nmethod 3535 0x00000272cda93590 code [0x00000272cda93740, 0x00000272cda93928]

GC Heap History (20 events):
Event: 9.257 GC heap before
{Heap before GC invocations=5 (full 1):
 PSYoungGen      total 29696K, used 4083K [0x00000000eab00000, 0x00000000ecc00000, 0x0000000100000000)
  eden space 25600K, 0% used [0x00000000eab00000,0x00000000eab00000,0x00000000ec400000)
  from space 4096K, 99% used [0x00000000ec800000,0x00000000ecbfcd60,0x00000000ecc00000)
  to   space 4096K, 0% used [0x00000000ec400000,0x00000000ec400000,0x00000000ec800000)
 ParOldGen       total 68608K, used 3375K [0x00000000c0000000, 0x00000000c4300000, 0x00000000eab00000)
  object space 68608K, 4% used [0x00000000c0000000,0x00000000c034bf80,0x00000000c4300000)
 Metaspace       used 21060K, committed 21504K, reserved 1073152K
  class space    used 2146K, committed 2368K, reserved 1048576K
}
Event: 9.328 GC heap after
{Heap after GC invocations=5 (full 1):
 PSYoungGen      total 29696K, used 0K [0x00000000eab00000, 0x00000000ecc00000, 0x0000000100000000)
  eden space 25600K, 0% used [0x00000000eab00000,0x00000000eab00000,0x00000000ec400000)
  from space 4096K, 0% used [0x00000000ec800000,0x00000000ec800000,0x00000000ecc00000)
  to   space 4096K, 0% used [0x00000000ec400000,0x00000000ec400000,0x00000000ec800000)
 ParOldGen       total 68608K, used 7350K [0x00000000c0000000, 0x00000000c4300000, 0x00000000eab00000)
  object space 68608K, 10% used [0x00000000c0000000,0x00000000c072d838,0x00000000c4300000)
 Metaspace       used 21047K, committed 21504K, reserved 1073152K
  class space    used 2143K, committed 2368K, reserved 1048576K
}
Event: 10.975 GC heap before
{Heap before GC invocations=6 (full 1):
 PSYoungGen      total 29696K, used 25600K [0x00000000eab00000, 0x00000000ecc00000, 0x0000000100000000)
  eden space 25600K, 100% used [0x00000000eab00000,0x00000000ec400000,0x00000000ec400000)
  from space 4096K, 0% used [0x00000000ec800000,0x00000000ec800000,0x00000000ecc00000)
  to   space 4096K, 0% used [0x00000000ec400000,0x00000000ec400000,0x00000000ec800000)
 ParOldGen       total 68608K, used 7350K [0x00000000c0000000, 0x00000000c4300000, 0x00000000eab00000)
  object space 68608K, 10% used [0x00000000c0000000,0x00000000c072d838,0x00000000c4300000)
 Metaspace       used 24601K, committed 25088K, reserved 1073152K
  class space    used 2394K, committed 2624K, reserved 1048576K
}
Event: 10.978 GC heap after
{Heap after GC invocations=6 (full 1):
 PSYoungGen      total 25600K, used 256K [0x00000000eab00000, 0x00000000ec880000, 0x0000000100000000)
  eden space 25088K, 0% used [0x00000000eab00000,0x00000000eab00000,0x00000000ec380000)
  from space 512K, 50% used [0x00000000ec400000,0x00000000ec440000,0x00000000ec480000)
  to   space 2048K, 0% used [0x00000000ec680000,0x00000000ec680000,0x00000000ec880000)
 ParOldGen       total 68608K, used 7358K [0x00000000c0000000, 0x00000000c4300000, 0x00000000eab00000)
  object space 68608K, 10% used [0x00000000c0000000,0x00000000c072f838,0x00000000c4300000)
 Metaspace       used 24601K, committed 25088K, reserved 1073152K
  class space    used 2394K, committed 2624K, reserved 1048576K
}
Event: 14.257 GC heap before
{Heap before GC invocations=7 (full 1):
 PSYoungGen      total 25600K, used 25344K [0x00000000eab00000, 0x00000000ec880000, 0x0000000100000000)
  eden space 25088K, 100% used [0x00000000eab00000,0x00000000ec380000,0x00000000ec380000)
  from space 512K, 50% used [0x00000000ec400000,0x00000000ec440000,0x00000000ec480000)
  to   space 2048K, 0% used [0x00000000ec680000,0x00000000ec680000,0x00000000ec880000)
 ParOldGen       total 68608K, used 7358K [0x00000000c0000000, 0x00000000c4300000, 0x00000000eab00000)
  object space 68608K, 10% used [0x00000000c0000000,0x00000000c072f838,0x00000000c4300000)
 Metaspace       used 27649K, committed 28160K, reserved 1081344K
  class space    used 2663K, committed 2880K, reserved 1048576K
}
Event: 14.259 GC heap after
{Heap after GC invocations=7 (full 1):
 PSYoungGen      total 25600K, used 891K [0x00000000eab00000, 0x00000000ec780000, 0x0000000100000000)
  eden space 24576K, 0% used [0x00000000eab00000,0x00000000eab00000,0x00000000ec300000)
  from space 1024K, 87% used [0x00000000ec680000,0x00000000ec75ef38,0x00000000ec780000)
  to   space 1536K, 0% used [0x00000000ec480000,0x00000000ec480000,0x00000000ec600000)
 ParOldGen       total 68608K, used 7366K [0x00000000c0000000, 0x00000000c4300000, 0x00000000eab00000)
  object space 68608K, 10% used [0x00000000c0000000,0x00000000c0731838,0x00000000c4300000)
 Metaspace       used 27649K, committed 28160K, reserved 1081344K
  class space    used 2663K, committed 2880K, reserved 1048576K
}
Event: 16.972 GC heap before
{Heap before GC invocations=8 (full 1):
 PSYoungGen      total 25600K, used 25467K [0x00000000eab00000, 0x00000000ec780000, 0x0000000100000000)
  eden space 24576K, 100% used [0x00000000eab00000,0x00000000ec300000,0x00000000ec300000)
  from space 1024K, 87% used [0x00000000ec680000,0x00000000ec75ef38,0x00000000ec780000)
  to   space 1536K, 0% used [0x00000000ec480000,0x00000000ec480000,0x00000000ec600000)
 ParOldGen       total 68608K, used 7366K [0x00000000c0000000, 0x00000000c4300000, 0x00000000eab00000)
  object space 68608K, 10% used [0x00000000c0000000,0x00000000c0731838,0x00000000c4300000)
 Metaspace       used 31970K, committed 32512K, reserved 1081344K
  class space    used 3218K, committed 3456K, reserved 1048576K
}
Event: 16.976 GC heap after
{Heap after GC invocations=8 (full 1):
 PSYoungGen      total 25600K, used 1521K [0x00000000eab00000, 0x00000000ec780000, 0x0000000100000000)
  eden space 24064K, 0% used [0x00000000eab00000,0x00000000eab00000,0x00000000ec280000)
  from space 1536K, 99% used [0x00000000ec480000,0x00000000ec5fc6d0,0x00000000ec600000)
  to   space 1536K, 0% used [0x00000000ec600000,0x00000000ec600000,0x00000000ec780000)
 ParOldGen       total 68608K, used 8030K [0x00000000c0000000, 0x00000000c4300000, 0x00000000eab00000)
  object space 68608K, 11% used [0x00000000c0000000,0x00000000c07d78a8,0x00000000c4300000)
 Metaspace       used 31970K, committed 32512K, reserved 1081344K
  class space    used 3218K, committed 3456K, reserved 1048576K
}
Event: 18.874 GC heap before
{Heap before GC invocations=9 (full 1):
 PSYoungGen      total 25600K, used 25585K [0x00000000eab00000, 0x00000000ec780000, 0x0000000100000000)
  eden space 24064K, 100% used [0x00000000eab00000,0x00000000ec280000,0x00000000ec280000)
  from space 1536K, 99% used [0x00000000ec480000,0x00000000ec5fc6d0,0x00000000ec600000)
  to   space 1536K, 0% used [0x00000000ec600000,0x00000000ec600000,0x00000000ec780000)
 ParOldGen       total 68608K, used 8030K [0x00000000c0000000, 0x00000000c4300000, 0x00000000eab00000)
  object space 68608K, 11% used [0x00000000c0000000,0x00000000c07d78a8,0x00000000c4300000)
 Metaspace       used 33778K, committed 34432K, reserved 1081344K
  class space    used 3415K, committed 3712K, reserved 1048576K
}
Event: 18.882 GC heap after
{Heap after GC invocations=9 (full 1):
 PSYoungGen      total 22528K, used 1507K [0x00000000eab00000, 0x00000000ecf00000, 0x0000000100000000)
  eden space 20992K, 0% used [0x00000000eab00000,0x00000000eab00000,0x00000000ebf80000)
  from space 1536K, 98% used [0x00000000ec600000,0x00000000ec778cc8,0x00000000ec780000)
  to   space 6656K, 0% used [0x00000000ebf80000,0x00000000ebf80000,0x00000000ec600000)
 ParOldGen       total 68608K, used 12179K [0x00000000c0000000, 0x00000000c4300000, 0x00000000eab00000)
  object space 68608K, 17% used [0x00000000c0000000,0x00000000c0be4c00,0x00000000c4300000)
 Metaspace       used 33778K, committed 34432K, reserved 1081344K
  class space    used 3415K, committed 3712K, reserved 1048576K
}
Event: 20.577 GC heap before
{Heap before GC invocations=10 (full 1):
 PSYoungGen      total 22528K, used 22491K [0x00000000eab00000, 0x00000000ecf00000, 0x0000000100000000)
  eden space 20992K, 99% used [0x00000000eab00000,0x00000000ebf7e2f8,0x00000000ebf80000)
  from space 1536K, 98% used [0x00000000ec600000,0x00000000ec778cc8,0x00000000ec780000)
  to   space 6656K, 0% used [0x00000000ebf80000,0x00000000ebf80000,0x00000000ec600000)
 ParOldGen       total 68608K, used 12179K [0x00000000c0000000, 0x00000000c4300000, 0x00000000eab00000)
  object space 68608K, 17% used [0x00000000c0000000,0x00000000c0be4c00,0x00000000c4300000)
 Metaspace       used 35039K, committed 35712K, reserved 1081344K
  class space    used 3566K, committed 3840K, reserved 1048576K
}
Event: 20.585 GC heap after
{Heap after GC invocations=10 (full 1):
 PSYoungGen      total 25600K, used 4299K [0x00000000eab00000, 0x00000000ec980000, 0x0000000100000000)
  eden space 20992K, 0% used [0x00000000eab00000,0x00000000eab00000,0x00000000ebf80000)
  from space 4608K, 93% used [0x00000000ebf80000,0x00000000ec3b2ce8,0x00000000ec400000)
  to   space 5120K, 0% used [0x00000000ec480000,0x00000000ec480000,0x00000000ec980000)
 ParOldGen       total 68608K, used 12493K [0x00000000c0000000, 0x00000000c4300000, 0x00000000eab00000)
  object space 68608K, 18% used [0x00000000c0000000,0x00000000c0c33638,0x00000000c4300000)
 Metaspace       used 35039K, committed 35712K, reserved 1081344K
  class space    used 3566K, committed 3840K, reserved 1048576K
}
Event: 20.663 GC heap before
{Heap before GC invocations=11 (full 1):
 PSYoungGen      total 25600K, used 5656K [0x00000000eab00000, 0x00000000ec980000, 0x0000000100000000)
  eden space 20992K, 6% used [0x00000000eab00000,0x00000000eac53498,0x00000000ebf80000)
  from space 4608K, 93% used [0x00000000ebf80000,0x00000000ec3b2ce8,0x00000000ec400000)
  to   space 5120K, 0% used [0x00000000ec480000,0x00000000ec480000,0x00000000ec980000)
 ParOldGen       total 68608K, used 12493K [0x00000000c0000000, 0x00000000c4300000, 0x00000000eab00000)
  object space 68608K, 18% used [0x00000000c0000000,0x00000000c0c33638,0x00000000c4300000)
 Metaspace       used 35196K, committed 35840K, reserved 1081344K
  class space    used 3581K, committed 3840K, reserved 1048576K
}
Event: 20.671 GC heap after
{Heap after GC invocations=11 (full 1):
 PSYoungGen      total 24576K, used 3212K [0x00000000eab00000, 0x00000000ec800000, 0x0000000100000000)
  eden space 20992K, 0% used [0x00000000eab00000,0x00000000eab00000,0x00000000ebf80000)
  from space 3584K, 89% used [0x00000000ec480000,0x00000000ec7a32b8,0x00000000ec800000)
  to   space 4096K, 0% used [0x00000000ec000000,0x00000000ec000000,0x00000000ec400000)
 ParOldGen       total 68608K, used 13608K [0x00000000c0000000, 0x00000000c4300000, 0x00000000eab00000)
  object space 68608K, 19% used [0x00000000c0000000,0x00000000c0d4a100,0x00000000c4300000)
 Metaspace       used 35196K, committed 35840K, reserved 1081344K
  class space    used 3581K, committed 3840K, reserved 1048576K
}
Event: 20.671 GC heap before
{Heap before GC invocations=12 (full 2):
 PSYoungGen      total 24576K, used 3212K [0x00000000eab00000, 0x00000000ec800000, 0x0000000100000000)
  eden space 20992K, 0% used [0x00000000eab00000,0x00000000eab00000,0x00000000ebf80000)
  from space 3584K, 89% used [0x00000000ec480000,0x00000000ec7a32b8,0x00000000ec800000)
  to   space 4096K, 0% used [0x00000000ec000000,0x00000000ec000000,0x00000000ec400000)
 ParOldGen       total 68608K, used 13608K [0x00000000c0000000, 0x00000000c4300000, 0x00000000eab00000)
  object space 68608K, 19% used [0x00000000c0000000,0x00000000c0d4a100,0x00000000c4300000)
 Metaspace       used 35196K, committed 35840K, reserved 1081344K
  class space    used 3581K, committed 3840K, reserved 1048576K
}
Event: 20.769 GC heap after
{Heap after GC invocations=12 (full 2):
 PSYoungGen      total 24576K, used 0K [0x00000000eab00000, 0x00000000ec800000, 0x0000000100000000)
  eden space 20992K, 0% used [0x00000000eab00000,0x00000000eab00000,0x00000000ebf80000)
  from space 3584K, 0% used [0x00000000ec480000,0x00000000ec480000,0x00000000ec800000)
  to   space 4096K, 0% used [0x00000000ec000000,0x00000000ec000000,0x00000000ec400000)
 ParOldGen       total 68608K, used 14445K [0x00000000c0000000, 0x00000000c4300000, 0x00000000eab00000)
  object space 68608K, 21% used [0x00000000c0000000,0x00000000c0e1b678,0x00000000c4300000)
 Metaspace       used 35196K, committed 35840K, reserved 1081344K
  class space    used 3581K, committed 3840K, reserved 1048576K
}
Event: 23.417 GC heap before
{Heap before GC invocations=13 (full 2):
 PSYoungGen      total 24576K, used 20992K [0x00000000eab00000, 0x00000000ec800000, 0x0000000100000000)
  eden space 20992K, 100% used [0x00000000eab00000,0x00000000ebf80000,0x00000000ebf80000)
  from space 3584K, 0% used [0x00000000ec480000,0x00000000ec480000,0x00000000ec800000)
  to   space 4096K, 0% used [0x00000000ec000000,0x00000000ec000000,0x00000000ec400000)
 ParOldGen       total 68608K, used 14445K [0x00000000c0000000, 0x00000000c4300000, 0x00000000eab00000)
  object space 68608K, 21% used [0x00000000c0000000,0x00000000c0e1b678,0x00000000c4300000)
 Metaspace       used 37167K, committed 37888K, reserved 1089536K
  class space    used 3794K, committed 4096K, reserved 1048576K
}
Event: 23.420 GC heap after
{Heap after GC invocations=13 (full 2):
 PSYoungGen      total 22016K, used 615K [0x00000000eab00000, 0x00000000ec500000, 0x0000000100000000)
  eden space 20992K, 0% used [0x00000000eab00000,0x00000000eab00000,0x00000000ebf80000)
  from space 1024K, 60% used [0x00000000ec000000,0x00000000ec099c40,0x00000000ec100000)
  to   space 2048K, 0% used [0x00000000ec300000,0x00000000ec300000,0x00000000ec500000)
 ParOldGen       total 68608K, used 14453K [0x00000000c0000000, 0x00000000c4300000, 0x00000000eab00000)
  object space 68608K, 21% used [0x00000000c0000000,0x00000000c0e1d678,0x00000000c4300000)
 Metaspace       used 37167K, committed 37888K, reserved 1089536K
  class space    used 3794K, committed 4096K, reserved 1048576K
}
Event: 26.340 GC heap before
{Heap before GC invocations=14 (full 2):
 PSYoungGen      total 22016K, used 21607K [0x00000000eab00000, 0x00000000ec500000, 0x0000000100000000)
  eden space 20992K, 100% used [0x00000000eab00000,0x00000000ebf80000,0x00000000ebf80000)
  from space 1024K, 60% used [0x00000000ec000000,0x00000000ec099c40,0x00000000ec100000)
  to   space 2048K, 0% used [0x00000000ec300000,0x00000000ec300000,0x00000000ec500000)
 ParOldGen       total 68608K, used 14453K [0x00000000c0000000, 0x00000000c4300000, 0x00000000eab00000)
  object space 68608K, 21% used [0x00000000c0000000,0x00000000c0e1d678,0x00000000c4300000)
 Metaspace       used 38413K, committed 39040K, reserved 1089536K
  class space    used 3894K, committed 4160K, reserved 1048576K
}
Event: 26.342 GC heap after
{Heap after GC invocations=14 (full 2):
 PSYoungGen      total 22016K, used 1014K [0x00000000eab00000, 0x00000000ec400000, 0x0000000100000000)
  eden space 20992K, 0% used [0x00000000eab00000,0x00000000eab00000,0x00000000ebf80000)
  from space 1024K, 99% used [0x00000000ec300000,0x00000000ec3fda78,0x00000000ec400000)
  to   space 1536K, 0% used [0x00000000ec100000,0x00000000ec100000,0x00000000ec280000)
 ParOldGen       total 68608K, used 14907K [0x00000000c0000000, 0x00000000c4300000, 0x00000000eab00000)
  object space 68608K, 21% used [0x00000000c0000000,0x00000000c0e8efe8,0x00000000c4300000)
 Metaspace       used 38413K, committed 39040K, reserved 1089536K
  class space    used 3894K, committed 4160K, reserved 1048576K
}

Deoptimization events (20 events):
Event: 26.334 Thread 0x00000272e112b890 DEOPT PACKING pc=0x00000272cd76459b sp=0x000000820b7f8290
Event: 26.334 Thread 0x00000272e112b890 DEOPT UNPACKING pc=0x00000272ccd92843 sp=0x000000820b7f7790 mode 0
Event: 26.339 Thread 0x00000272e112b890 DEOPT PACKING pc=0x00000272cd76459b sp=0x000000820b7f8560
Event: 26.339 Thread 0x00000272e112b890 DEOPT UNPACKING pc=0x00000272ccd92843 sp=0x000000820b7f7a60 mode 0
Event: 26.428 Thread 0x00000272e112b890 Uncommon trap: trap_request=0xffffffde fr.pc=0x00000272d48ee75c relative=0x000000000000801c
Event: 26.428 Thread 0x00000272e112b890 Uncommon trap: reason=class_check action=maybe_recompile pc=0x00000272d48ee75c method=lombok.patcher.PatchScript$MethodPatcher.visitMethod(ILjava/lang/String;Ljava/lang/String;Ljava/lang/String;[Ljava/lang/String;)Lorg/objectweb/asm/MethodVisitor; @ 101 c
Event: 26.428 Thread 0x00000272e112b890 DEOPT PACKING pc=0x00000272d48ee75c sp=0x000000820b7f83f0
Event: 26.428 Thread 0x00000272e112b890 DEOPT UNPACKING pc=0x00000272ccd920a3 sp=0x000000820b7f8378 mode 2
Event: 26.428 Thread 0x00000272e112b890 Uncommon trap: trap_request=0xffffffde fr.pc=0x00000272d48ee75c relative=0x000000000000801c
Event: 26.428 Thread 0x00000272e112b890 Uncommon trap: reason=class_check action=maybe_recompile pc=0x00000272d48ee75c method=lombok.patcher.PatchScript$MethodPatcher.visitMethod(ILjava/lang/String;Ljava/lang/String;Ljava/lang/String;[Ljava/lang/String;)Lorg/objectweb/asm/MethodVisitor; @ 101 c
Event: 26.428 Thread 0x00000272e112b890 DEOPT PACKING pc=0x00000272d48ee75c sp=0x000000820b7f83f0
Event: 26.428 Thread 0x00000272e112b890 DEOPT UNPACKING pc=0x00000272ccd920a3 sp=0x000000820b7f8378 mode 2
Event: 26.428 Thread 0x00000272e112b890 Uncommon trap: trap_request=0xffffffde fr.pc=0x00000272d48ee75c relative=0x000000000000801c
Event: 26.428 Thread 0x00000272e112b890 Uncommon trap: reason=class_check action=maybe_recompile pc=0x00000272d48ee75c method=lombok.patcher.PatchScript$MethodPatcher.visitMethod(ILjava/lang/String;Ljava/lang/String;Ljava/lang/String;[Ljava/lang/String;)Lorg/objectweb/asm/MethodVisitor; @ 101 c
Event: 26.428 Thread 0x00000272e112b890 DEOPT PACKING pc=0x00000272d48ee75c sp=0x000000820b7f83f0
Event: 26.428 Thread 0x00000272e112b890 DEOPT UNPACKING pc=0x00000272ccd920a3 sp=0x000000820b7f8378 mode 2
Event: 26.428 Thread 0x00000272e112b890 Uncommon trap: trap_request=0xffffffde fr.pc=0x00000272d48ee75c relative=0x000000000000801c
Event: 26.428 Thread 0x00000272e112b890 Uncommon trap: reason=class_check action=maybe_recompile pc=0x00000272d48ee75c method=lombok.patcher.PatchScript$MethodPatcher.visitMethod(ILjava/lang/String;Ljava/lang/String;Ljava/lang/String;[Ljava/lang/String;)Lorg/objectweb/asm/MethodVisitor; @ 101 c
Event: 26.428 Thread 0x00000272e112b890 DEOPT PACKING pc=0x00000272d48ee75c sp=0x000000820b7f83f0
Event: 26.429 Thread 0x00000272e112b890 DEOPT UNPACKING pc=0x00000272ccd920a3 sp=0x000000820b7f8378 mode 2

Classes unloaded (7 events):
Event: 9.272 Thread 0x00000272ca17ea40 Unloading class 0x0000000100210800 'java/lang/invoke/LambdaForm$MH+0x0000000100210800'
Event: 9.273 Thread 0x00000272ca17ea40 Unloading class 0x0000000100210400 'java/lang/invoke/LambdaForm$MH+0x0000000100210400'
Event: 9.273 Thread 0x00000272ca17ea40 Unloading class 0x0000000100210000 'java/lang/invoke/LambdaForm$MH+0x0000000100210000'
Event: 9.273 Thread 0x00000272ca17ea40 Unloading class 0x000000010020fc00 'java/lang/invoke/LambdaForm$MH+0x000000010020fc00'
Event: 9.273 Thread 0x00000272ca17ea40 Unloading class 0x000000010020f400 'java/lang/invoke/LambdaForm$BMH+0x000000010020f400'
Event: 9.273 Thread 0x00000272ca17ea40 Unloading class 0x000000010020f000 'java/lang/invoke/LambdaForm$DMH+0x000000010020f000'
Event: 9.273 Thread 0x00000272ca17ea40 Unloading class 0x000000010020c400 'java/lang/invoke/LambdaForm$DMH+0x000000010020c400'

Classes redefined (0 events):
No events

Internal exceptions (20 events):
Event: 14.188 Thread 0x00000272e02b9070 Exception <a 'java/lang/NoSuchMethodError'{0x00000000ec2ceb38}: 'java.lang.Object java.lang.invoke.DirectMethodHandle$Holder.invokeStaticInit(java.lang.Object, java.lang.Object, int, int, int, int)'> (0x00000000ec2ceb38) 
thrown [s\src\hotspot\share\interpreter\linkResolver.cpp, line 759]
Event: 14.307 Thread 0x00000272e02b9070 Implicit null exception at 0x00000272d48c7a00 to 0x00000272d48c8670
Event: 14.468 Thread 0x00000272e02b9070 Exception <a 'java/lang/ClassNotFoundException'{0x00000000ead51528}: com/sun/org/apache/xml/internal/serializer/spi/XMLEntitiesProvider> (0x00000000ead51528) 
thrown [s\src\hotspot\share\classfile\systemDictionary.cpp, line 256]
Event: 14.880 Thread 0x00000272e02b9070 Exception <a 'java/io/FileNotFoundException'{0x00000000eb0aea00}> (0x00000000eb0aea00) 
thrown [s\src\hotspot\share\prims\jni.cpp, line 516]
Event: 15.869 Thread 0x00000272e02b9070 Exception <a 'java/lang/UnsatisfiedLinkError'{0x00000000eb3ed898}: The specified procedure could not be found.
> (0x00000000eb3ed898) 
thrown [s\src\hotspot\share\prims\jni.cpp, line 535]
Event: 15.887 Thread 0x00000272e02b9070 Exception <a 'java/io/FileNotFoundException'{0x00000000eb4112f0}> (0x00000000eb4112f0) 
thrown [s\src\hotspot\share\prims\jni.cpp, line 516]
Event: 15.908 Thread 0x00000272e02b9070 Exception <a 'java/io/FileNotFoundException'{0x00000000eb483810}> (0x00000000eb483810) 
thrown [s\src\hotspot\share\prims\jni.cpp, line 516]
Event: 15.932 Thread 0x00000272e02b9070 Exception <a 'java/lang/UnsatisfiedLinkError'{0x00000000eb50e220}: The specified procedure could not be found.
> (0x00000000eb50e220) 
thrown [s\src\hotspot\share\prims\jni.cpp, line 535]
Event: 16.072 Thread 0x00000272ca09e610 Exception <a 'java/lang/NoSuchMethodError'{0x00000000eb77d178}: 'void java.lang.invoke.DirectMethodHandle$Holder.invokeStatic(java.lang.Object, java.lang.Object, java.lang.Object, java.lang.Object)'> (0x00000000eb77d178) 
thrown [s\src\hotspot\share\interpreter\linkResolver.cpp, line 759]
Event: 16.429 Thread 0x00000272ca09e610 Exception <a 'java/lang/NoSuchMethodError'{0x00000000ebec6a38}: 'void java.lang.invoke.DirectMethodHandle$Holder.invokeSpecial(java.lang.Object, java.lang.Object, java.lang.Object, java.lang.Object, java.lang.Object, java.lang.Object)'> (0x00000000ebec6a38) 
thrown [s\src\hotspot\share\interpreter\linkResolver.cpp, line 759]
Event: 16.440 Thread 0x00000272ca09e610 Exception <a 'java/lang/NoSuchMethodError'{0x00000000ebece4e8}: 'java.lang.Object java.lang.invoke.DirectMethodHandle$Holder.newInvokeSpecial(java.lang.Object, java.lang.Object, java.lang.Object, java.lang.Object, java.lang.Object)'> (0x00000000ebece4e8) 
thrown [s\src\hotspot\share\interpreter\linkResolver.cpp, line 759]
Event: 17.003 Thread 0x00000272e112b890 Exception <a 'java/io/FileNotFoundException'{0x00000000eab3e270}> (0x00000000eab3e270) 
thrown [s\src\hotspot\share\prims\jni.cpp, line 516]
Event: 17.403 Thread 0x00000272e112b890 Exception <a 'java/lang/NoSuchMethodError'{0x00000000eaec0228}: 'int java.lang.invoke.DirectMethodHandle$Holder.invokeVirtual(java.lang.Object, java.lang.Object)'> (0x00000000eaec0228) 
thrown [s\src\hotspot\share\interpreter\linkResolver.cpp, line 759]
Event: 18.304 Thread 0x00000272dfb9c040 Exception <a 'java/io/FileNotFoundException'{0x00000000eb2bdbf0}> (0x00000000eb2bdbf0) 
thrown [s\src\hotspot\share\prims\jni.cpp, line 516]
Event: 18.305 Thread 0x00000272dfb9c040 Exception <a 'java/io/FileNotFoundException'{0x00000000eb2bf4a0}> (0x00000000eb2bf4a0) 
thrown [s\src\hotspot\share\prims\jni.cpp, line 516]
Event: 18.308 Thread 0x00000272dfb9c040 Exception <a 'java/lang/NoSuchMethodError'{0x00000000eb2cb930}: 'void java.lang.invoke.DirectMethodHandle$Holder.invokeStaticInit(java.lang.Object, java.lang.Object, java.lang.Object)'> (0x00000000eb2cb930) 
thrown [s\src\hotspot\share\interpreter\linkResolver.cpp, line 759]
Event: 19.492 Thread 0x00000272dfb9c040 Exception <a 'java/lang/NoSuchMethodError'{0x00000000eb6c4f00}: 'java.lang.Object java.lang.invoke.DirectMethodHandle$Holder.newInvokeSpecial(java.lang.Object, java.lang.Object, java.lang.Object, int, java.lang.Object)'> (0x00000000eb6c4f00) 
thrown [s\src\hotspot\share\interpreter\linkResolver.cpp, line 759]
Event: 19.493 Thread 0x00000272dfb9c040 Exception <a 'java/lang/NoSuchMethodError'{0x00000000eb6c90b0}: 'java.lang.Object java.lang.invoke.DirectMethodHandle$Holder.invokeSpecial(java.lang.Object, java.lang.Object, java.lang.Object, java.lang.Object, int, java.lang.Object)'> (0x00000000eb6c90b0) 
thrown [s\src\hotspot\share\interpreter\linkResolver.cpp, line 759]
Event: 19.880 Thread 0x00000272e112b890 Exception <a 'java/lang/NoSuchMethodError'{0x00000000eb9138f8}: 'java.lang.Object java.lang.invoke.DirectMethodHandle$Holder.invokeInterface(java.lang.Object, java.lang.Object, java.lang.Object)'> (0x00000000eb9138f8) 
thrown [s\src\hotspot\share\interpreter\linkResolver.cpp, line 759]
Event: 24.175 Thread 0x00000272e112b890 Implicit null exception at 0x00000272d4902647 to 0x00000272d49032f8

VM Operations (20 events):
Event: 20.577 Executing VM operation: ParallelGCFailedAllocation
Event: 20.586 Executing VM operation: ParallelGCFailedAllocation done
Event: 20.663 Executing VM operation: CollectForMetadataAllocation
Event: 20.769 Executing VM operation: CollectForMetadataAllocation done
Event: 21.056 Executing VM operation: HandshakeAllThreads
Event: 21.056 Executing VM operation: HandshakeAllThreads done
Event: 22.072 Executing VM operation: Cleanup
Event: 22.074 Executing VM operation: Cleanup done
Event: 23.080 Executing VM operation: Cleanup
Event: 23.081 Executing VM operation: Cleanup done
Event: 23.417 Executing VM operation: ParallelGCFailedAllocation
Event: 23.420 Executing VM operation: ParallelGCFailedAllocation done
Event: 24.430 Executing VM operation: Cleanup
Event: 24.430 Executing VM operation: Cleanup done
Event: 25.437 Executing VM operation: Cleanup
Event: 25.453 Executing VM operation: Cleanup done
Event: 26.340 Executing VM operation: ParallelGCFailedAllocation
Event: 26.343 Executing VM operation: ParallelGCFailedAllocation done
Event: 26.376 Executing VM operation: HandshakeAllThreads
Event: 26.413 Executing VM operation: HandshakeAllThreads done

Events (20 events):
Event: 19.773 loading class jdk/internal/reflect/UnsafeIntegerFieldAccessorImpl
Event: 19.773 loading class jdk/internal/reflect/UnsafeIntegerFieldAccessorImpl done
Event: 20.012 loading class sun/nio/cs/ThreadLocalCoders
Event: 20.013 loading class sun/nio/cs/ThreadLocalCoders done
Event: 20.014 loading class sun/nio/cs/ThreadLocalCoders$1
Event: 20.014 loading class sun/nio/cs/ThreadLocalCoders$Cache
Event: 20.014 loading class sun/nio/cs/ThreadLocalCoders$Cache done
Event: 20.014 loading class sun/nio/cs/ThreadLocalCoders$1 done
Event: 20.014 loading class sun/nio/cs/ThreadLocalCoders$2
Event: 20.014 loading class sun/nio/cs/ThreadLocalCoders$2 done
Event: 20.331 loading class java/lang/ExceptionInInitializerError
Event: 20.333 loading class java/lang/ExceptionInInitializerError done
Event: 20.347 loading class java/util/AbstractList$RandomAccessSpliterator
Event: 20.350 loading class java/util/AbstractList$RandomAccessSpliterator done
Event: 22.321 loading class java/util/Vector$1
Event: 22.321 loading class java/util/Vector$1 done
Event: 24.176 loading class java/util/Collections$UnmodifiableSortedSet
Event: 24.176 loading class java/util/Collections$UnmodifiableSortedSet done
Event: 24.708 loading class java/util/regex/Pattern$Caret
Event: 24.709 loading class java/util/regex/Pattern$Caret done


Dynamic libraries:
0x00007ff7e7e20000 - 0x00007ff7e7e2e000 	c:\Users\shant\.vscode\extensions\redhat.java-1.10.0-win32-x64\jre\17.0.4-win32-x86_64\bin\java.exe
0x00007ffb85fb0000 - 0x00007ffb861a8000 	C:\WINDOWS\SYSTEM32\ntdll.dll
0x00007ffb85ab0000 - 0x00007ffb85b6d000 	C:\WINDOWS\System32\KERNEL32.DLL
0x00007ffb83740000 - 0x00007ffb83a0e000 	C:\WINDOWS\System32\KERNELBASE.dll
0x00007ffb83c50000 - 0x00007ffb83d50000 	C:\WINDOWS\System32\ucrtbase.dll
0x00007ffb75360000 - 0x00007ffb75378000 	c:\Users\shant\.vscode\extensions\redhat.java-1.10.0-win32-x64\jre\17.0.4-win32-x86_64\bin\jli.dll
0x00007ffb84a10000 - 0x00007ffb84bb0000 	C:\WINDOWS\System32\USER32.dll
0x00007ffb83f50000 - 0x00007ffb83f72000 	C:\WINDOWS\System32\win32u.dll
0x00007ffb854e0000 - 0x00007ffb8550a000 	C:\WINDOWS\System32\GDI32.dll
0x00007ffb83af0000 - 0x00007ffb83bfb000 	C:\WINDOWS\System32\gdi32full.dll
0x00007ffb83eb0000 - 0x00007ffb83f4d000 	C:\WINDOWS\System32\msvcp_win.dll
0x00007ffb75340000 - 0x00007ffb75359000 	c:\Users\shant\.vscode\extensions\redhat.java-1.10.0-win32-x64\jre\17.0.4-win32-x86_64\bin\VCRUNTIME140.dll
0x00007ffb784c0000 - 0x00007ffb7875a000 	C:\WINDOWS\WinSxS\amd64_microsoft.windows.common-controls_6595b64144ccf1df_6.0.19041.1110_none_60b5254171f9507e\COMCTL32.dll
0x00007ffb85b70000 - 0x00007ffb85c0e000 	C:\WINDOWS\System32\msvcrt.dll
0x00007ffb84d70000 - 0x00007ffb84da0000 	C:\WINDOWS\System32\IMM32.DLL
0x00007ffb774d0000 - 0x00007ffb774dc000 	c:\Users\shant\.vscode\extensions\redhat.java-1.10.0-win32-x64\jre\17.0.4-win32-x86_64\bin\vcruntime140_1.dll
0x00007ffb66250000 - 0x00007ffb662e1000 	c:\Users\shant\.vscode\extensions\redhat.java-1.10.0-win32-x64\jre\17.0.4-win32-x86_64\bin\msvcp140.dll
0x00007ffb48430000 - 0x00007ffb49076000 	c:\Users\shant\.vscode\extensions\redhat.java-1.10.0-win32-x64\jre\17.0.4-win32-x86_64\bin\server\jvm.dll
0x00007ffb85310000 - 0x00007ffb853be000 	C:\WINDOWS\System32\ADVAPI32.dll
0x00007ffb85440000 - 0x00007ffb854dc000 	C:\WINDOWS\System32\sechost.dll
0x00007ffb84bb0000 - 0x00007ffb84cd5000 	C:\WINDOWS\System32\RPCRT4.dll
0x00007ffb84f40000 - 0x00007ffb84f48000 	C:\WINDOWS\System32\PSAPI.DLL
0x00007ffb77430000 - 0x00007ffb77439000 	C:\WINDOWS\SYSTEM32\WSOCK32.dll
0x00007ffb85c10000 - 0x00007ffb85c7b000 	C:\WINDOWS\System32\WS2_32.dll
0x00007ffb7a0e0000 - 0x00007ffb7a107000 	C:\WINDOWS\SYSTEM32\WINMM.dll
0x00007ffb7c910000 - 0x00007ffb7c91a000 	C:\WINDOWS\SYSTEM32\VERSION.dll
0x00007ffb815d0000 - 0x00007ffb815e2000 	C:\WINDOWS\SYSTEM32\kernel.appcore.dll
0x00007ffb773d0000 - 0x00007ffb773da000 	c:\Users\shant\.vscode\extensions\redhat.java-1.10.0-win32-x64\jre\17.0.4-win32-x86_64\bin\jimage.dll
0x00007ffb73330000 - 0x00007ffb73514000 	C:\WINDOWS\SYSTEM32\DBGHELP.DLL
0x00007ffb72120000 - 0x00007ffb7214c000 	C:\WINDOWS\SYSTEM32\dbgcore.DLL
0x00007ffb83f80000 - 0x00007ffb84002000 	C:\WINDOWS\System32\bcryptPrimitives.dll
0x00007ffb752f0000 - 0x00007ffb752fe000 	c:\Users\shant\.vscode\extensions\redhat.java-1.10.0-win32-x64\jre\17.0.4-win32-x86_64\bin\instrument.dll
0x00007ffb751f0000 - 0x00007ffb75215000 	c:\Users\shant\.vscode\extensions\redhat.java-1.10.0-win32-x64\jre\17.0.4-win32-x86_64\bin\java.dll
0x00007ffb75250000 - 0x00007ffb75268000 	c:\Users\shant\.vscode\extensions\redhat.java-1.10.0-win32-x64\jre\17.0.4-win32-x86_64\bin\zip.dll
0x00007ffb840e0000 - 0x00007ffb84824000 	C:\WINDOWS\System32\SHELL32.dll
0x00007ffb817d0000 - 0x00007ffb81f64000 	C:\WINDOWS\SYSTEM32\windows.storage.dll
0x00007ffb84f50000 - 0x00007ffb852a4000 	C:\WINDOWS\System32\combase.dll
0x00007ffb83130000 - 0x00007ffb83160000 	C:\WINDOWS\SYSTEM32\Wldp.dll
0x00007ffb85510000 - 0x00007ffb855bd000 	C:\WINDOWS\System32\SHCORE.dll
0x00007ffb855c0000 - 0x00007ffb85615000 	C:\WINDOWS\System32\shlwapi.dll
0x00007ffb83610000 - 0x00007ffb8362f000 	C:\WINDOWS\SYSTEM32\profapi.dll
0x00007ffb713f0000 - 0x00007ffb71409000 	C:\Users\shant\.vscode\extensions\redhat.java-1.10.0-win32-x64\jre\17.0.4-win32-x86_64\bin\net.dll
0x00007ffb776d0000 - 0x00007ffb777da000 	C:\WINDOWS\SYSTEM32\WINHTTP.dll
0x00007ffb82e90000 - 0x00007ffb82efa000 	C:\WINDOWS\system32\mswsock.dll
0x00007ffb71110000 - 0x00007ffb71125000 	C:\Users\shant\.vscode\extensions\redhat.java-1.10.0-win32-x64\jre\17.0.4-win32-x86_64\bin\nio.dll
0x00007ffb751e0000 - 0x00007ffb751f0000 	c:\Users\shant\.vscode\extensions\redhat.java-1.10.0-win32-x64\jre\17.0.4-win32-x86_64\bin\verify.dll
0x00007ffb65530000 - 0x00007ffb6556e000 	C:\Users\shant\AppData\Roaming\Code\User\globalStorage\redhat.java\1.10.0\config_ss_win\org.eclipse.equinox.launcher\org.eclipse.equinox.launcher.win32.win32.x86_64_1.2.500.v20220509-0833\eclipse_11700.dll
0x00007ffb85e40000 - 0x00007ffb85f6a000 	C:\WINDOWS\System32\ole32.dll
0x00007ffb83080000 - 0x00007ffb83098000 	C:\WINDOWS\SYSTEM32\CRYPTSP.dll
0x00007ffb827a0000 - 0x00007ffb827d4000 	C:\WINDOWS\system32\rsaenh.dll
0x00007ffb83ac0000 - 0x00007ffb83ae7000 	C:\WINDOWS\System32\bcrypt.dll
0x00007ffb83590000 - 0x00007ffb835be000 	C:\WINDOWS\SYSTEM32\USERENV.dll
0x00007ffb830a0000 - 0x00007ffb830ac000 	C:\WINDOWS\SYSTEM32\CRYPTBASE.dll
0x00007ffb82b30000 - 0x00007ffb82b6b000 	C:\WINDOWS\SYSTEM32\IPHLPAPI.DLL
0x00007ffb85e30000 - 0x00007ffb85e38000 	C:\WINDOWS\System32\NSI.dll
0x00007ffb7ace0000 - 0x00007ffb7acf7000 	C:\WINDOWS\SYSTEM32\dhcpcsvc6.DLL
0x00007ffb7da30000 - 0x00007ffb7da4d000 	C:\WINDOWS\SYSTEM32\dhcpcsvc.DLL
0x00007ffb82b80000 - 0x00007ffb82c4a000 	C:\WINDOWS\SYSTEM32\DNSAPI.dll
0x00007ffb62830000 - 0x00007ffb62874000 	C:\Users\shant\AppData\Local\Temp\jna-109399922\jna6023901597965484929.dll

dbghelp: loaded successfully - version: 4.0.5 - missing functions: none
symbol engine: initialized successfully - sym options: 0x614 - pdb path: .;c:\Users\shant\.vscode\extensions\redhat.java-1.10.0-win32-x64\jre\17.0.4-win32-x86_64\bin;C:\WINDOWS\SYSTEM32;C:\WINDOWS\WinSxS\amd64_microsoft.windows.common-controls_6595b64144ccf1df_6.0.19041.1110_none_60b5254171f9507e;c:\Users\shant\.vscode\extensions\redhat.java-1.10.0-win32-x64\jre\17.0.4-win32-x86_64\bin\server;C:\Users\shant\AppData\Roaming\Code\User\globalStorage\redhat.java\1.10.0\config_ss_win\org.eclipse.equinox.launcher\org.eclipse.equinox.launcher.win32.win32.x86_64_1.2.500.v20220509-0833;C:\Users\shant\AppData\Local\Temp\jna-109399922

VM Arguments:
jvm_args: --add-modules=ALL-SYSTEM --add-opens=java.base/java.util=ALL-UNNAMED --add-opens=java.base/java.lang=ALL-UNNAMED --add-opens=java.base/sun.nio.fs=ALL-UNNAMED -Declipse.application=org.eclipse.jdt.ls.core.id1 -Dosgi.bundles.defaultStartLevel=4 -Declipse.product=org.eclipse.jdt.ls.core.product -Djava.import.generatesMetadataFilesAtProjectRoot=false -Dfile.encoding=utf8 -DwatchParentProcess=false -XX:+UseParallelGC -XX:GCTimeRatio=4 -XX:AdaptiveSizePolicyWeight=90 -Dsun.zip.disableMemoryMapping=true -Xmx1G -Xms100m -Xlog:jni+resolve=off -javaagent:c:\Users\shant\.vscode\extensions\redhat.java-1.10.0-win32-x64\lombok\lombok-1.18.24.jar 
java_command: c:\Users\shant\.vscode\extensions\redhat.java-1.10.0-win32-x64\server\plugins\org.eclipse.equinox.launcher_1.6.400.v20210924-0641.jar -configuration c:\Users\shant\AppData\Roaming\Code\User\globalStorage\redhat.java\1.10.0\config_ss_win -data c:\Users\shant\AppData\Roaming\Code\User\workspaceStorage\346c12fdee40bc592ff8cebb9898d7a6\redhat.java\ss_ws
java_class_path (initial): c:\Users\shant\.vscode\extensions\redhat.java-1.10.0-win32-x64\server\plugins\org.eclipse.equinox.launcher_1.6.400.v20210924-0641.jar
Launcher Type: SUN_STANDARD

[Global flags]
    uintx AdaptiveSizePolicyWeight                 = 90                                        {product} {command line}
     intx CICompilerCount                          = 3                                         {product} {ergonomic}
    uintx GCTimeRatio                              = 4                                         {product} {command line}
   size_t InitialHeapSize                          = 104857600                                 {product} {command line}
   size_t MaxHeapSize                              = 1073741824                                {product} {command line}
   size_t MaxNewSize                               = 357564416                                 {product} {ergonomic}
   size_t MinHeapDeltaBytes                        = 524288                                    {product} {ergonomic}
   size_t MinHeapSize                              = 104857600                                 {product} {command line}
   size_t NewSize                                  = 34603008                                  {product} {ergonomic}
    uintx NonNMethodCodeHeapSize                   = 5832780                                {pd product} {ergonomic}
    uintx NonProfiledCodeHeapSize                  = 122912730                              {pd product} {ergonomic}
   size_t OldSize                                  = 70254592                                  {product} {ergonomic}
    uintx ProfiledCodeHeapSize                     = 122912730                              {pd product} {ergonomic}
    uintx ReservedCodeCacheSize                    = 251658240                              {pd product} {ergonomic}
     bool SegmentedCodeCache                       = true                                      {product} {ergonomic}
   size_t SoftMaxHeapSize                          = 1073741824                             {manageable} {ergonomic}
     bool UseCompressedClassPointers               = true                           {product lp64_product} {ergonomic}
     bool UseCompressedOops                        = true                           {product lp64_product} {ergonomic}
     bool UseLargePagesIndividualAllocation        = false                                  {pd product} {ergonomic}
     bool UseParallelGC                            = true                                      {product} {command line}

Logging:
Log output configuration:
 #0: stdout all=warning,jni+resolve=off uptime,level,tags
 #1: stderr all=off uptime,level,tags

Environment Variables:
PATH=C:\Python310\Scripts\;C:\Python310\;C:\Program Files (x86)\Common Files\Oracle\Java\javapath;C:\Windows\system32;C:\Windows;C:\Windows\System32\Wbem;C:\Windows\System32\WindowsPowerShell\v1.0\;C:\Program Files (x86)\NVIDIA Corporation\PhysX\Common;C:\WINDOWS\system32;C:\WINDOWS;C:\WINDOWS\System32\Wbem;C:\WINDOWS\System32\WindowsPowerShell\v1.0\;C:\WINDOWS\System32\OpenSSH\;C:\Program Files\Java\jdk\bin;C:\ProgramData\chocolatey\bin;C:\Program Files\Git\cmd;C:\Users\shant\AppData\Roaming\nvm;C:\Program Files\nodejs;C:\Program Files\Maven\apache-maven-3.8.6\bin;C:\Users\shant\AppData\Local\Microsoft\WindowsApps;C:\Users\shant\AppData\Roaming\npm;C:\Users\shant\AppData\Local\Programs\Microsoft VS Code\bin;C:\Users\shant\AppData\Roaming\nvm;C:\Program Files\nodejs
USERNAME=shant
OS=Windows_NT
PROCESSOR_IDENTIFIER=Intel64 Family 6 Model 69 Stepping 1, GenuineIntel
TMP=C:\Users\shant\AppData\Local\Temp
TEMP=C:\Users\shant\AppData\Local\Temp



---------------  S Y S T E M  ---------------

OS:
 Windows 10 , 64 bit Build 19041 (10.0.19041.1889)
OS uptime: 1 days 4:14 hours

CPU: total 4 (initial active 4) (2 cores per cpu, 2 threads per core) family 6 model 69 stepping 1 microcode 0x25, cx8, cmov, fxsr, ht, mmx, sse, sse2, sse3, ssse3, sse4.1, sse4.2, popcnt, lzcnt, tsc, tscinvbit, avx, avx2, aes, erms, clmul, bmi1, bmi2, fma, vzeroupper, clflush

Memory: 4k page, system-wide physical 4027M (190M free)
TotalPageFile size 8123M (AvailPageFile size 4M)
current process WorkingSet (physical memory assigned to process): 150M, peak: 151M
current process commit charge ("private bytes"): 236M, peak: 240M

vm_info: OpenJDK 64-Bit Server VM (17.0.4+8) for windows-amd64 JRE (17.0.4+8), built on Jul 19 2022 16:05:16 by "temurin" with MS VC++ 16.7 (VS2019)

END.
